[2026-01-24T10:05:40.723+0000] {manager.py:487} INFO - Processing files using up to 2 processes at a time 
[2026-01-24T10:05:40.723+0000] {manager.py:488} INFO - Process each file at most once every 30 seconds
[2026-01-24T10:05:40.723+0000] {manager.py:489} INFO - Checking for new files in /opt/airflow/dags every 300 seconds
[2026-01-24T10:05:40.724+0000] {manager.py:755} INFO - Searching for files in /opt/airflow/dags
[2026-01-24T10:05:40.725+0000] {manager.py:758} INFO - There are 1 files in /opt/airflow/dags
[2026-01-24T10:05:40.888+0000] {manager.py:887} INFO - 
================================================================================
DAG File Processing Stats

File Path                                   PID  Runtime      # DAGs    # Errors  Last Runtime    Last Run
----------------------------------------  -----  ---------  --------  ----------  --------------  ----------
/opt/airflow/dags/retail_pipeline_dag.py    160  0.08s             0           0
================================================================================
[2026-01-24T10:06:11.005+0000] {manager.py:887} INFO - 
================================================================================
DAG File Processing Stats

File Path                                 PID    Runtime      # DAGs    # Errors  Last Runtime    Last Run
----------------------------------------  -----  ---------  --------  ----------  --------------  -------------------
/opt/airflow/dags/retail_pipeline_dag.py                           1           0  0.57s           2026-01-24T10:05:41
================================================================================
[2026-01-24T10:06:41.675+0000] {manager.py:887} INFO - 
================================================================================
DAG File Processing Stats

File Path                                   PID  Runtime      # DAGs    # Errors  Last Runtime    Last Run
----------------------------------------  -----  ---------  --------  ----------  --------------  -------------------
/opt/airflow/dags/retail_pipeline_dag.py    171  0.00s             1           0  0.12s           2026-01-24T10:06:11
================================================================================
[2026-01-24T10:07:11.906+0000] {manager.py:887} INFO - 
================================================================================
DAG File Processing Stats

File Path                                   PID  Runtime      # DAGs    # Errors  Last Runtime    Last Run
----------------------------------------  -----  ---------  --------  ----------  --------------  -------------------
/opt/airflow/dags/retail_pipeline_dag.py    176  0.01s             1           0  0.11s           2026-01-24T10:06:41
================================================================================
[2026-01-24T10:07:42.085+0000] {manager.py:887} INFO - 
================================================================================
DAG File Processing Stats

File Path                                   PID  Runtime      # DAGs    # Errors  Last Runtime    Last Run
----------------------------------------  -----  ---------  --------  ----------  --------------  -------------------
/opt/airflow/dags/retail_pipeline_dag.py    181  0.01s             1           0  0.12s           2026-01-24T10:07:12
================================================================================
[2026-01-24T10:08:12.296+0000] {manager.py:887} INFO - 
================================================================================
DAG File Processing Stats

File Path                                   PID  Runtime      # DAGs    # Errors  Last Runtime    Last Run
----------------------------------------  -----  ---------  --------  ----------  --------------  -------------------
/opt/airflow/dags/retail_pipeline_dag.py    186  0.01s             1           0  0.12s           2026-01-24T10:07:42
================================================================================
[2026-01-24T10:08:42.473+0000] {manager.py:887} INFO - 
================================================================================
DAG File Processing Stats

File Path                                   PID  Runtime      # DAGs    # Errors  Last Runtime    Last Run
----------------------------------------  -----  ---------  --------  ----------  --------------  -------------------
/opt/airflow/dags/retail_pipeline_dag.py    191  0.01s             1           0  0.11s           2026-01-24T10:08:12
================================================================================
[2026-01-24T10:09:12.685+0000] {manager.py:887} INFO - 
================================================================================
DAG File Processing Stats

File Path                                   PID  Runtime      # DAGs    # Errors  Last Runtime    Last Run
----------------------------------------  -----  ---------  --------  ----------  --------------  -------------------
/opt/airflow/dags/retail_pipeline_dag.py    196  0.01s             1           0  0.11s           2026-01-24T10:08:42
================================================================================
[2026-01-24T10:09:42.850+0000] {manager.py:887} INFO - 
================================================================================
DAG File Processing Stats

File Path                                   PID  Runtime      # DAGs    # Errors  Last Runtime    Last Run
----------------------------------------  -----  ---------  --------  ----------  --------------  -------------------
/opt/airflow/dags/retail_pipeline_dag.py    201  0.01s             1           0  0.10s           2026-01-24T10:09:12
================================================================================
[2026-01-24T10:10:13.065+0000] {manager.py:887} INFO - 
================================================================================
DAG File Processing Stats

File Path                                   PID  Runtime      # DAGs    # Errors  Last Runtime    Last Run
----------------------------------------  -----  ---------  --------  ----------  --------------  -------------------
/opt/airflow/dags/retail_pipeline_dag.py    206  0.01s             1           0  0.11s           2026-01-24T10:09:42
================================================================================
[2026-01-24T10:10:41.206+0000] {manager.py:755} INFO - Searching for files in /opt/airflow/dags
[2026-01-24T10:10:41.207+0000] {manager.py:758} INFO - There are 1 files in /opt/airflow/dags
[2026-01-24T10:10:43.236+0000] {manager.py:887} INFO - 
================================================================================
DAG File Processing Stats

File Path                                   PID  Runtime      # DAGs    # Errors  Last Runtime    Last Run
----------------------------------------  -----  ---------  --------  ----------  --------------  -------------------
/opt/airflow/dags/retail_pipeline_dag.py    211  0.01s             1           0  0.11s           2026-01-24T10:10:13
================================================================================
[2026-01-24T10:11:13.444+0000] {manager.py:887} INFO - 
================================================================================
DAG File Processing Stats

File Path                                   PID  Runtime      # DAGs    # Errors  Last Runtime    Last Run
----------------------------------------  -----  ---------  --------  ----------  --------------  -------------------
/opt/airflow/dags/retail_pipeline_dag.py    216  0.01s             1           0  0.11s           2026-01-24T10:10:43
================================================================================
[2026-01-24T10:11:43.623+0000] {manager.py:887} INFO - 
================================================================================
DAG File Processing Stats

File Path                                   PID  Runtime      # DAGs    # Errors  Last Runtime    Last Run
----------------------------------------  -----  ---------  --------  ----------  --------------  -------------------
/opt/airflow/dags/retail_pipeline_dag.py    228  0.02s             1           0  0.11s           2026-01-24T10:11:13
================================================================================
[2026-01-24T10:12:13.825+0000] {manager.py:887} INFO - 
================================================================================
DAG File Processing Stats

File Path                                   PID  Runtime      # DAGs    # Errors  Last Runtime    Last Run
----------------------------------------  -----  ---------  --------  ----------  --------------  -------------------
/opt/airflow/dags/retail_pipeline_dag.py    239  0.01s             1           0  0.19s           2026-01-24T10:11:43
================================================================================
[2026-01-24T10:12:44.091+0000] {manager.py:887} INFO - 
================================================================================
DAG File Processing Stats

File Path                                   PID  Runtime      # DAGs    # Errors  Last Runtime    Last Run
----------------------------------------  -----  ---------  --------  ----------  --------------  -------------------
/opt/airflow/dags/retail_pipeline_dag.py    244  0.01s             1           0  0.12s           2026-01-24T10:12:13
================================================================================
[2026-01-24T10:13:14.257+0000] {manager.py:887} INFO - 
================================================================================
DAG File Processing Stats

File Path                                   PID  Runtime      # DAGs    # Errors  Last Runtime    Last Run
----------------------------------------  -----  ---------  --------  ----------  --------------  -------------------
/opt/airflow/dags/retail_pipeline_dag.py    249  0.01s             1           0  0.11s           2026-01-24T10:12:44
================================================================================
[2026-01-24T10:13:44.477+0000] {manager.py:887} INFO - 
================================================================================
DAG File Processing Stats

File Path                                   PID  Runtime      # DAGs    # Errors  Last Runtime    Last Run
----------------------------------------  -----  ---------  --------  ----------  --------------  -------------------
/opt/airflow/dags/retail_pipeline_dag.py    261  0.01s             1           0  0.11s           2026-01-24T10:13:14
================================================================================
[2026-01-24T10:14:14.633+0000] {manager.py:887} INFO - 
================================================================================
DAG File Processing Stats

File Path                                   PID  Runtime      # DAGs    # Errors  Last Runtime    Last Run
----------------------------------------  -----  ---------  --------  ----------  --------------  -------------------
/opt/airflow/dags/retail_pipeline_dag.py    266  0.01s             1           0  0.11s           2026-01-24T10:13:44
================================================================================
[2026-01-24T10:14:44.849+0000] {manager.py:887} INFO - 
================================================================================
DAG File Processing Stats

File Path                                   PID  Runtime      # DAGs    # Errors  Last Runtime    Last Run
----------------------------------------  -----  ---------  --------  ----------  --------------  -------------------
/opt/airflow/dags/retail_pipeline_dag.py    287  0.01s             1           0  0.11s           2026-01-24T10:14:14
================================================================================
[2026-01-24T10:15:15.005+0000] {manager.py:887} INFO - 
================================================================================
DAG File Processing Stats

File Path                                   PID  Runtime      # DAGs    # Errors  Last Runtime    Last Run
----------------------------------------  -----  ---------  --------  ----------  --------------  -------------------
/opt/airflow/dags/retail_pipeline_dag.py    292  0.01s             1           0  0.11s           2026-01-24T10:14:44
================================================================================
[2026-01-24T10:15:41.206+0000] {manager.py:755} INFO - Searching for files in /opt/airflow/dags
[2026-01-24T10:15:41.208+0000] {manager.py:758} INFO - There are 1 files in /opt/airflow/dags
[2026-01-24T10:15:45.235+0000] {manager.py:887} INFO - 
================================================================================
DAG File Processing Stats

File Path                                   PID  Runtime      # DAGs    # Errors  Last Runtime    Last Run
----------------------------------------  -----  ---------  --------  ----------  --------------  -------------------
/opt/airflow/dags/retail_pipeline_dag.py    297  0.01s             1           0  0.11s           2026-01-24T10:15:15
================================================================================
[2026-01-24T10:16:15.392+0000] {manager.py:887} INFO - 
================================================================================
DAG File Processing Stats

File Path                                   PID  Runtime      # DAGs    # Errors  Last Runtime    Last Run
----------------------------------------  -----  ---------  --------  ----------  --------------  -------------------
/opt/airflow/dags/retail_pipeline_dag.py    302  0.00s             1           0  0.11s           2026-01-24T10:15:45
================================================================================
[2026-01-24T10:16:45.632+0000] {manager.py:887} INFO - 
================================================================================
DAG File Processing Stats

File Path                                   PID  Runtime      # DAGs    # Errors  Last Runtime    Last Run
----------------------------------------  -----  ---------  --------  ----------  --------------  -------------------
/opt/airflow/dags/retail_pipeline_dag.py    307  0.00s             1           0  0.11s           2026-01-24T10:16:15
================================================================================
[2026-01-24T10:17:15.795+0000] {manager.py:887} INFO - 
================================================================================
DAG File Processing Stats

File Path                                   PID  Runtime      # DAGs    # Errors  Last Runtime    Last Run
----------------------------------------  -----  ---------  --------  ----------  --------------  -------------------
/opt/airflow/dags/retail_pipeline_dag.py    312  0.01s             1           0  0.11s           2026-01-24T10:16:45
================================================================================
[2026-01-24T10:17:46.007+0000] {manager.py:887} INFO - 
================================================================================
DAG File Processing Stats

File Path                                   PID  Runtime      # DAGs    # Errors  Last Runtime    Last Run
----------------------------------------  -----  ---------  --------  ----------  --------------  -------------------
/opt/airflow/dags/retail_pipeline_dag.py    317  0.01s             1           0  0.11s           2026-01-24T10:17:15
================================================================================
[2026-01-24T10:18:16.171+0000] {manager.py:887} INFO - 
================================================================================
DAG File Processing Stats

File Path                                   PID  Runtime      # DAGs    # Errors  Last Runtime    Last Run
----------------------------------------  -----  ---------  --------  ----------  --------------  -------------------
/opt/airflow/dags/retail_pipeline_dag.py    322  0.00s             1           0  0.11s           2026-01-24T10:17:46
================================================================================
[2026-01-24T10:18:37.285+0000] {manager.py:469} INFO - Exiting gracefully upon receiving signal 15
[2026-01-25T18:11:30.366+0000] {manager.py:487} INFO - Processing files using up to 2 processes at a time 
[2026-01-25T18:11:30.371+0000] {manager.py:488} INFO - Process each file at most once every 30 seconds
[2026-01-25T18:11:30.371+0000] {manager.py:489} INFO - Checking for new files in /opt/airflow/dags every 300 seconds
[2026-01-25T18:11:30.371+0000] {manager.py:755} INFO - Searching for files in /opt/airflow/dags
[2026-01-25T18:11:30.379+0000] {manager.py:758} INFO - There are 1 files in /opt/airflow/dags
[2026-01-25T18:11:30.562+0000] {manager.py:887} INFO - 
================================================================================
DAG File Processing Stats

File Path                                   PID  Runtime      # DAGs    # Errors  Last Runtime    Last Run
----------------------------------------  -----  ---------  --------  ----------  --------------  ----------
/opt/airflow/dags/retail_pipeline_dag.py    160  0.11s             0           0
================================================================================
[2026-01-25T18:12:00.706+0000] {manager.py:887} INFO - 
================================================================================
DAG File Processing Stats

File Path                                   PID  Runtime      # DAGs    # Errors  Last Runtime    Last Run
----------------------------------------  -----  ---------  --------  ----------  --------------  -------------------
/opt/airflow/dags/retail_pipeline_dag.py    166  0.01s             1           0  0.22s           2026-01-25T18:11:30
================================================================================
[2026-01-25T18:12:30.949+0000] {manager.py:887} INFO - 
================================================================================
DAG File Processing Stats

File Path                                   PID  Runtime      # DAGs    # Errors  Last Runtime    Last Run
----------------------------------------  -----  ---------  --------  ----------  --------------  -------------------
/opt/airflow/dags/retail_pipeline_dag.py    171  0.01s             1           0  0.12s           2026-01-25T18:12:00
================================================================================
[2026-01-25T18:13:01.110+0000] {manager.py:887} INFO - 
================================================================================
DAG File Processing Stats

File Path                                   PID  Runtime      # DAGs    # Errors  Last Runtime    Last Run
----------------------------------------  -----  ---------  --------  ----------  --------------  -------------------
/opt/airflow/dags/retail_pipeline_dag.py    176  0.01s             1           0  0.13s           2026-01-25T18:12:31
================================================================================
[2026-01-25T18:13:31.342+0000] {manager.py:887} INFO - 
================================================================================
DAG File Processing Stats

File Path                                   PID  Runtime      # DAGs    # Errors  Last Runtime    Last Run
----------------------------------------  -----  ---------  --------  ----------  --------------  -------------------
/opt/airflow/dags/retail_pipeline_dag.py    181  0.01s             1           0  0.12s           2026-01-25T18:13:01
================================================================================
[2026-01-25T18:14:01.503+0000] {manager.py:887} INFO - 
================================================================================
DAG File Processing Stats

File Path                                   PID  Runtime      # DAGs    # Errors  Last Runtime    Last Run
----------------------------------------  -----  ---------  --------  ----------  --------------  -------------------
/opt/airflow/dags/retail_pipeline_dag.py    186  0.01s             1           0  0.12s           2026-01-25T18:13:31
================================================================================
[2026-01-25T18:14:31.724+0000] {manager.py:887} INFO - 
================================================================================
DAG File Processing Stats

File Path                                   PID  Runtime      # DAGs    # Errors  Last Runtime    Last Run
----------------------------------------  -----  ---------  --------  ----------  --------------  -------------------
/opt/airflow/dags/retail_pipeline_dag.py    191  0.01s             1           0  0.14s           2026-01-25T18:14:01
================================================================================
[2026-01-25T18:15:01.907+0000] {manager.py:887} INFO - 
================================================================================
DAG File Processing Stats

File Path                                   PID  Runtime      # DAGs    # Errors  Last Runtime    Last Run
----------------------------------------  -----  ---------  --------  ----------  --------------  -------------------
/opt/airflow/dags/retail_pipeline_dag.py    196  0.01s             1           0  0.12s           2026-01-25T18:14:31
================================================================================
[2026-01-25T18:15:32.108+0000] {manager.py:887} INFO - 
================================================================================
DAG File Processing Stats

File Path                                   PID  Runtime      # DAGs    # Errors  Last Runtime    Last Run
----------------------------------------  -----  ---------  --------  ----------  --------------  -------------------
/opt/airflow/dags/retail_pipeline_dag.py    201  0.01s             1           0  0.14s           2026-01-25T18:15:02
================================================================================
[2026-01-25T18:16:02.318+0000] {manager.py:887} INFO - 
================================================================================
DAG File Processing Stats

File Path                                   PID  Runtime      # DAGs    # Errors  Last Runtime    Last Run
----------------------------------------  -----  ---------  --------  ----------  --------------  -------------------
/opt/airflow/dags/retail_pipeline_dag.py    206  0.01s             1           0  0.13s           2026-01-25T18:15:32
================================================================================
[2026-01-25T18:16:30.480+0000] {manager.py:755} INFO - Searching for files in /opt/airflow/dags
[2026-01-25T18:16:30.481+0000] {manager.py:758} INFO - There are 1 files in /opt/airflow/dags
[2026-01-25T18:16:32.510+0000] {manager.py:887} INFO - 
================================================================================
DAG File Processing Stats

File Path                                   PID  Runtime      # DAGs    # Errors  Last Runtime    Last Run
----------------------------------------  -----  ---------  --------  ----------  --------------  -------------------
/opt/airflow/dags/retail_pipeline_dag.py    211  0.00s             1           0  0.14s           2026-01-25T18:16:02
================================================================================
[2026-01-25T18:17:02.714+0000] {manager.py:887} INFO - 
================================================================================
DAG File Processing Stats

File Path                                   PID  Runtime      # DAGs    # Errors  Last Runtime    Last Run
----------------------------------------  -----  ---------  --------  ----------  --------------  -------------------
/opt/airflow/dags/retail_pipeline_dag.py    216  0.00s             1           0  0.12s           2026-01-25T18:16:32
================================================================================
[2026-01-25T18:17:32.890+0000] {manager.py:887} INFO - 
================================================================================
DAG File Processing Stats

File Path                                   PID  Runtime      # DAGs    # Errors  Last Runtime    Last Run
----------------------------------------  -----  ---------  --------  ----------  --------------  -------------------
/opt/airflow/dags/retail_pipeline_dag.py    221  0.01s             1           0  0.12s           2026-01-25T18:17:02
================================================================================
