[2026-01-24T10:05:40.849+0000] {processor.py:157} INFO - Started process (PID=160) to work on /opt/airflow/dags/retail_pipeline_dag.py
[2026-01-24T10:05:40.850+0000] {processor.py:829} INFO - Processing file /opt/airflow/dags/retail_pipeline_dag.py for tasks to queue
[2026-01-24T10:05:40.853+0000] {logging_mixin.py:154} INFO - [2026-01-24T10:05:40.850+0000] {dagbag.py:536} INFO - Filling up the DagBag from /opt/airflow/dags/retail_pipeline_dag.py
[2026-01-24T10:05:40.918+0000] {processor.py:839} INFO - DAG(s) dict_keys(['retail_data_pipeline']) retrieved from /opt/airflow/dags/retail_pipeline_dag.py
[2026-01-24T10:05:41.318+0000] {logging_mixin.py:154} INFO - [2026-01-24T10:05:41.318+0000] {manager.py:499} INFO - Created Permission View: %s
[2026-01-24T10:05:41.330+0000] {logging_mixin.py:154} INFO - [2026-01-24T10:05:41.330+0000] {manager.py:499} INFO - Created Permission View: %s
[2026-01-24T10:05:41.339+0000] {logging_mixin.py:154} INFO - [2026-01-24T10:05:41.339+0000] {manager.py:499} INFO - Created Permission View: %s
[2026-01-24T10:05:41.339+0000] {logging_mixin.py:154} INFO - [2026-01-24T10:05:41.339+0000] {dag.py:2941} INFO - Sync 1 DAGs
[2026-01-24T10:05:41.351+0000] {logging_mixin.py:154} INFO - [2026-01-24T10:05:41.351+0000] {dag.py:2963} INFO - Creating ORM DAG for retail_data_pipeline
[2026-01-24T10:05:41.352+0000] {logging_mixin.py:154} INFO - [2026-01-24T10:05:41.352+0000] {dag.py:3722} INFO - Setting next_dagrun for retail_data_pipeline to None, run_after=None
[2026-01-24T10:05:41.372+0000] {processor.py:179} INFO - Processing /opt/airflow/dags/retail_pipeline_dag.py took 0.533 seconds
[2026-01-24T10:06:11.532+0000] {processor.py:157} INFO - Started process (PID=166) to work on /opt/airflow/dags/retail_pipeline_dag.py
[2026-01-24T10:06:11.533+0000] {processor.py:829} INFO - Processing file /opt/airflow/dags/retail_pipeline_dag.py for tasks to queue
[2026-01-24T10:06:11.534+0000] {logging_mixin.py:154} INFO - [2026-01-24T10:06:11.534+0000] {dagbag.py:536} INFO - Filling up the DagBag from /opt/airflow/dags/retail_pipeline_dag.py
[2026-01-24T10:06:11.547+0000] {processor.py:839} INFO - DAG(s) dict_keys(['retail_data_pipeline']) retrieved from /opt/airflow/dags/retail_pipeline_dag.py
[2026-01-24T10:06:11.583+0000] {logging_mixin.py:154} INFO - [2026-01-24T10:06:11.583+0000] {dag.py:2941} INFO - Sync 1 DAGs
[2026-01-24T10:06:11.599+0000] {logging_mixin.py:154} INFO - [2026-01-24T10:06:11.598+0000] {dag.py:3722} INFO - Setting next_dagrun for retail_data_pipeline to None, run_after=None
[2026-01-24T10:06:11.625+0000] {processor.py:179} INFO - Processing /opt/airflow/dags/retail_pipeline_dag.py took 0.099 seconds
[2026-01-24T10:06:41.684+0000] {processor.py:157} INFO - Started process (PID=171) to work on /opt/airflow/dags/retail_pipeline_dag.py
[2026-01-24T10:06:41.686+0000] {processor.py:829} INFO - Processing file /opt/airflow/dags/retail_pipeline_dag.py for tasks to queue
[2026-01-24T10:06:41.687+0000] {logging_mixin.py:154} INFO - [2026-01-24T10:06:41.686+0000] {dagbag.py:536} INFO - Filling up the DagBag from /opt/airflow/dags/retail_pipeline_dag.py
[2026-01-24T10:06:41.699+0000] {processor.py:839} INFO - DAG(s) dict_keys(['retail_data_pipeline']) retrieved from /opt/airflow/dags/retail_pipeline_dag.py
[2026-01-24T10:06:41.733+0000] {logging_mixin.py:154} INFO - [2026-01-24T10:06:41.733+0000] {dag.py:2941} INFO - Sync 1 DAGs
[2026-01-24T10:06:41.750+0000] {logging_mixin.py:154} INFO - [2026-01-24T10:06:41.749+0000] {dag.py:3722} INFO - Setting next_dagrun for retail_data_pipeline to None, run_after=None
[2026-01-24T10:06:41.770+0000] {processor.py:179} INFO - Processing /opt/airflow/dags/retail_pipeline_dag.py took 0.090 seconds
[2026-01-24T10:07:11.922+0000] {processor.py:157} INFO - Started process (PID=176) to work on /opt/airflow/dags/retail_pipeline_dag.py
[2026-01-24T10:07:11.923+0000] {processor.py:829} INFO - Processing file /opt/airflow/dags/retail_pipeline_dag.py for tasks to queue
[2026-01-24T10:07:11.924+0000] {logging_mixin.py:154} INFO - [2026-01-24T10:07:11.923+0000] {dagbag.py:536} INFO - Filling up the DagBag from /opt/airflow/dags/retail_pipeline_dag.py
[2026-01-24T10:07:11.936+0000] {processor.py:839} INFO - DAG(s) dict_keys(['retail_data_pipeline']) retrieved from /opt/airflow/dags/retail_pipeline_dag.py
[2026-01-24T10:07:11.969+0000] {logging_mixin.py:154} INFO - [2026-01-24T10:07:11.969+0000] {dag.py:2941} INFO - Sync 1 DAGs
[2026-01-24T10:07:11.984+0000] {logging_mixin.py:154} INFO - [2026-01-24T10:07:11.984+0000] {dag.py:3722} INFO - Setting next_dagrun for retail_data_pipeline to None, run_after=None
[2026-01-24T10:07:12.010+0000] {processor.py:179} INFO - Processing /opt/airflow/dags/retail_pipeline_dag.py took 0.096 seconds
[2026-01-24T10:07:42.094+0000] {processor.py:157} INFO - Started process (PID=181) to work on /opt/airflow/dags/retail_pipeline_dag.py
[2026-01-24T10:07:42.096+0000] {processor.py:829} INFO - Processing file /opt/airflow/dags/retail_pipeline_dag.py for tasks to queue
[2026-01-24T10:07:42.097+0000] {logging_mixin.py:154} INFO - [2026-01-24T10:07:42.097+0000] {dagbag.py:536} INFO - Filling up the DagBag from /opt/airflow/dags/retail_pipeline_dag.py
[2026-01-24T10:07:42.112+0000] {processor.py:839} INFO - DAG(s) dict_keys(['retail_data_pipeline']) retrieved from /opt/airflow/dags/retail_pipeline_dag.py
[2026-01-24T10:07:42.146+0000] {logging_mixin.py:154} INFO - [2026-01-24T10:07:42.146+0000] {dag.py:2941} INFO - Sync 1 DAGs
[2026-01-24T10:07:42.162+0000] {logging_mixin.py:154} INFO - [2026-01-24T10:07:42.162+0000] {dag.py:3722} INFO - Setting next_dagrun for retail_data_pipeline to None, run_after=None
[2026-01-24T10:07:42.187+0000] {processor.py:179} INFO - Processing /opt/airflow/dags/retail_pipeline_dag.py took 0.098 seconds
[2026-01-24T10:08:12.307+0000] {processor.py:157} INFO - Started process (PID=186) to work on /opt/airflow/dags/retail_pipeline_dag.py
[2026-01-24T10:08:12.307+0000] {processor.py:829} INFO - Processing file /opt/airflow/dags/retail_pipeline_dag.py for tasks to queue
[2026-01-24T10:08:12.308+0000] {logging_mixin.py:154} INFO - [2026-01-24T10:08:12.308+0000] {dagbag.py:536} INFO - Filling up the DagBag from /opt/airflow/dags/retail_pipeline_dag.py
[2026-01-24T10:08:12.322+0000] {processor.py:839} INFO - DAG(s) dict_keys(['retail_data_pipeline']) retrieved from /opt/airflow/dags/retail_pipeline_dag.py
[2026-01-24T10:08:12.355+0000] {logging_mixin.py:154} INFO - [2026-01-24T10:08:12.354+0000] {dag.py:2941} INFO - Sync 1 DAGs
[2026-01-24T10:08:12.370+0000] {logging_mixin.py:154} INFO - [2026-01-24T10:08:12.370+0000] {dag.py:3722} INFO - Setting next_dagrun for retail_data_pipeline to None, run_after=None
[2026-01-24T10:08:12.390+0000] {processor.py:179} INFO - Processing /opt/airflow/dags/retail_pipeline_dag.py took 0.090 seconds
[2026-01-24T10:08:42.481+0000] {processor.py:157} INFO - Started process (PID=191) to work on /opt/airflow/dags/retail_pipeline_dag.py
[2026-01-24T10:08:42.483+0000] {processor.py:829} INFO - Processing file /opt/airflow/dags/retail_pipeline_dag.py for tasks to queue
[2026-01-24T10:08:42.484+0000] {logging_mixin.py:154} INFO - [2026-01-24T10:08:42.484+0000] {dagbag.py:536} INFO - Filling up the DagBag from /opt/airflow/dags/retail_pipeline_dag.py
[2026-01-24T10:08:42.497+0000] {processor.py:839} INFO - DAG(s) dict_keys(['retail_data_pipeline']) retrieved from /opt/airflow/dags/retail_pipeline_dag.py
[2026-01-24T10:08:42.530+0000] {logging_mixin.py:154} INFO - [2026-01-24T10:08:42.530+0000] {dag.py:2941} INFO - Sync 1 DAGs
[2026-01-24T10:08:42.545+0000] {logging_mixin.py:154} INFO - [2026-01-24T10:08:42.545+0000] {dag.py:3722} INFO - Setting next_dagrun for retail_data_pipeline to None, run_after=None
[2026-01-24T10:08:42.569+0000] {processor.py:179} INFO - Processing /opt/airflow/dags/retail_pipeline_dag.py took 0.092 seconds
[2026-01-24T10:09:12.692+0000] {processor.py:157} INFO - Started process (PID=196) to work on /opt/airflow/dags/retail_pipeline_dag.py
[2026-01-24T10:09:12.693+0000] {processor.py:829} INFO - Processing file /opt/airflow/dags/retail_pipeline_dag.py for tasks to queue
[2026-01-24T10:09:12.694+0000] {logging_mixin.py:154} INFO - [2026-01-24T10:09:12.693+0000] {dagbag.py:536} INFO - Filling up the DagBag from /opt/airflow/dags/retail_pipeline_dag.py
[2026-01-24T10:09:12.706+0000] {processor.py:839} INFO - DAG(s) dict_keys(['retail_data_pipeline']) retrieved from /opt/airflow/dags/retail_pipeline_dag.py
[2026-01-24T10:09:12.736+0000] {logging_mixin.py:154} INFO - [2026-01-24T10:09:12.736+0000] {dag.py:2941} INFO - Sync 1 DAGs
[2026-01-24T10:09:12.752+0000] {logging_mixin.py:154} INFO - [2026-01-24T10:09:12.751+0000] {dag.py:3722} INFO - Setting next_dagrun for retail_data_pipeline to None, run_after=None
[2026-01-24T10:09:12.773+0000] {processor.py:179} INFO - Processing /opt/airflow/dags/retail_pipeline_dag.py took 0.084 seconds
[2026-01-24T10:09:42.859+0000] {processor.py:157} INFO - Started process (PID=201) to work on /opt/airflow/dags/retail_pipeline_dag.py
[2026-01-24T10:09:42.860+0000] {processor.py:829} INFO - Processing file /opt/airflow/dags/retail_pipeline_dag.py for tasks to queue
[2026-01-24T10:09:42.861+0000] {logging_mixin.py:154} INFO - [2026-01-24T10:09:42.861+0000] {dagbag.py:536} INFO - Filling up the DagBag from /opt/airflow/dags/retail_pipeline_dag.py
[2026-01-24T10:09:42.874+0000] {processor.py:839} INFO - DAG(s) dict_keys(['retail_data_pipeline']) retrieved from /opt/airflow/dags/retail_pipeline_dag.py
[2026-01-24T10:09:42.907+0000] {logging_mixin.py:154} INFO - [2026-01-24T10:09:42.907+0000] {dag.py:2941} INFO - Sync 1 DAGs
[2026-01-24T10:09:42.923+0000] {logging_mixin.py:154} INFO - [2026-01-24T10:09:42.922+0000] {dag.py:3722} INFO - Setting next_dagrun for retail_data_pipeline to None, run_after=None
[2026-01-24T10:09:42.944+0000] {processor.py:179} INFO - Processing /opt/airflow/dags/retail_pipeline_dag.py took 0.090 seconds
[2026-01-24T10:10:13.072+0000] {processor.py:157} INFO - Started process (PID=206) to work on /opt/airflow/dags/retail_pipeline_dag.py
[2026-01-24T10:10:13.074+0000] {processor.py:829} INFO - Processing file /opt/airflow/dags/retail_pipeline_dag.py for tasks to queue
[2026-01-24T10:10:13.075+0000] {logging_mixin.py:154} INFO - [2026-01-24T10:10:13.075+0000] {dagbag.py:536} INFO - Filling up the DagBag from /opt/airflow/dags/retail_pipeline_dag.py
[2026-01-24T10:10:13.087+0000] {processor.py:839} INFO - DAG(s) dict_keys(['retail_data_pipeline']) retrieved from /opt/airflow/dags/retail_pipeline_dag.py
[2026-01-24T10:10:13.120+0000] {logging_mixin.py:154} INFO - [2026-01-24T10:10:13.120+0000] {dag.py:2941} INFO - Sync 1 DAGs
[2026-01-24T10:10:13.135+0000] {logging_mixin.py:154} INFO - [2026-01-24T10:10:13.135+0000] {dag.py:3722} INFO - Setting next_dagrun for retail_data_pipeline to None, run_after=None
[2026-01-24T10:10:13.156+0000] {processor.py:179} INFO - Processing /opt/airflow/dags/retail_pipeline_dag.py took 0.089 seconds
[2026-01-24T10:10:43.244+0000] {processor.py:157} INFO - Started process (PID=211) to work on /opt/airflow/dags/retail_pipeline_dag.py
[2026-01-24T10:10:43.245+0000] {processor.py:829} INFO - Processing file /opt/airflow/dags/retail_pipeline_dag.py for tasks to queue
[2026-01-24T10:10:43.246+0000] {logging_mixin.py:154} INFO - [2026-01-24T10:10:43.246+0000] {dagbag.py:536} INFO - Filling up the DagBag from /opt/airflow/dags/retail_pipeline_dag.py
[2026-01-24T10:10:43.259+0000] {processor.py:839} INFO - DAG(s) dict_keys(['retail_data_pipeline']) retrieved from /opt/airflow/dags/retail_pipeline_dag.py
[2026-01-24T10:10:43.294+0000] {logging_mixin.py:154} INFO - [2026-01-24T10:10:43.294+0000] {dag.py:2941} INFO - Sync 1 DAGs
[2026-01-24T10:10:43.309+0000] {logging_mixin.py:154} INFO - [2026-01-24T10:10:43.309+0000] {dag.py:3722} INFO - Setting next_dagrun for retail_data_pipeline to None, run_after=None
[2026-01-24T10:10:43.330+0000] {processor.py:179} INFO - Processing /opt/airflow/dags/retail_pipeline_dag.py took 0.090 seconds
[2026-01-24T10:11:13.451+0000] {processor.py:157} INFO - Started process (PID=216) to work on /opt/airflow/dags/retail_pipeline_dag.py
[2026-01-24T10:11:13.453+0000] {processor.py:829} INFO - Processing file /opt/airflow/dags/retail_pipeline_dag.py for tasks to queue
[2026-01-24T10:11:13.454+0000] {logging_mixin.py:154} INFO - [2026-01-24T10:11:13.453+0000] {dagbag.py:536} INFO - Filling up the DagBag from /opt/airflow/dags/retail_pipeline_dag.py
[2026-01-24T10:11:13.466+0000] {processor.py:839} INFO - DAG(s) dict_keys(['retail_data_pipeline']) retrieved from /opt/airflow/dags/retail_pipeline_dag.py
[2026-01-24T10:11:13.499+0000] {logging_mixin.py:154} INFO - [2026-01-24T10:11:13.498+0000] {dag.py:2941} INFO - Sync 1 DAGs
[2026-01-24T10:11:13.517+0000] {logging_mixin.py:154} INFO - [2026-01-24T10:11:13.516+0000] {dag.py:3722} INFO - Setting next_dagrun for retail_data_pipeline to None, run_after=None
[2026-01-24T10:11:13.538+0000] {processor.py:179} INFO - Processing /opt/airflow/dags/retail_pipeline_dag.py took 0.090 seconds
[2026-01-24T10:11:43.634+0000] {processor.py:157} INFO - Started process (PID=228) to work on /opt/airflow/dags/retail_pipeline_dag.py
[2026-01-24T10:11:43.635+0000] {processor.py:829} INFO - Processing file /opt/airflow/dags/retail_pipeline_dag.py for tasks to queue
[2026-01-24T10:11:43.636+0000] {logging_mixin.py:154} INFO - [2026-01-24T10:11:43.635+0000] {dagbag.py:536} INFO - Filling up the DagBag from /opt/airflow/dags/retail_pipeline_dag.py
[2026-01-24T10:11:43.653+0000] {processor.py:839} INFO - DAG(s) dict_keys(['retail_data_pipeline']) retrieved from /opt/airflow/dags/retail_pipeline_dag.py
[2026-01-24T10:11:43.728+0000] {logging_mixin.py:154} INFO - [2026-01-24T10:11:43.728+0000] {dag.py:2941} INFO - Sync 1 DAGs
[2026-01-24T10:11:43.755+0000] {logging_mixin.py:154} INFO - [2026-01-24T10:11:43.755+0000] {dag.py:3722} INFO - Setting next_dagrun for retail_data_pipeline to None, run_after=None
[2026-01-24T10:11:43.784+0000] {processor.py:179} INFO - Processing /opt/airflow/dags/retail_pipeline_dag.py took 0.155 seconds
[2026-01-24T10:12:13.833+0000] {processor.py:157} INFO - Started process (PID=239) to work on /opt/airflow/dags/retail_pipeline_dag.py
[2026-01-24T10:12:13.835+0000] {processor.py:829} INFO - Processing file /opt/airflow/dags/retail_pipeline_dag.py for tasks to queue
[2026-01-24T10:12:13.836+0000] {logging_mixin.py:154} INFO - [2026-01-24T10:12:13.836+0000] {dagbag.py:536} INFO - Filling up the DagBag from /opt/airflow/dags/retail_pipeline_dag.py
[2026-01-24T10:12:13.848+0000] {processor.py:839} INFO - DAG(s) dict_keys(['retail_data_pipeline']) retrieved from /opt/airflow/dags/retail_pipeline_dag.py
[2026-01-24T10:12:13.887+0000] {logging_mixin.py:154} INFO - [2026-01-24T10:12:13.887+0000] {dag.py:2941} INFO - Sync 1 DAGs
[2026-01-24T10:12:13.903+0000] {logging_mixin.py:154} INFO - [2026-01-24T10:12:13.903+0000] {dag.py:3722} INFO - Setting next_dagrun for retail_data_pipeline to None, run_after=None
[2026-01-24T10:12:13.926+0000] {processor.py:179} INFO - Processing /opt/airflow/dags/retail_pipeline_dag.py took 0.097 seconds
[2026-01-24T10:12:44.099+0000] {processor.py:157} INFO - Started process (PID=244) to work on /opt/airflow/dags/retail_pipeline_dag.py
[2026-01-24T10:12:44.100+0000] {processor.py:829} INFO - Processing file /opt/airflow/dags/retail_pipeline_dag.py for tasks to queue
[2026-01-24T10:12:44.100+0000] {logging_mixin.py:154} INFO - [2026-01-24T10:12:44.100+0000] {dagbag.py:536} INFO - Filling up the DagBag from /opt/airflow/dags/retail_pipeline_dag.py
[2026-01-24T10:12:44.113+0000] {processor.py:839} INFO - DAG(s) dict_keys(['retail_data_pipeline']) retrieved from /opt/airflow/dags/retail_pipeline_dag.py
[2026-01-24T10:12:44.145+0000] {logging_mixin.py:154} INFO - [2026-01-24T10:12:44.145+0000] {dag.py:2941} INFO - Sync 1 DAGs
[2026-01-24T10:12:44.161+0000] {logging_mixin.py:154} INFO - [2026-01-24T10:12:44.161+0000] {dag.py:3722} INFO - Setting next_dagrun for retail_data_pipeline to None, run_after=None
[2026-01-24T10:12:44.182+0000] {processor.py:179} INFO - Processing /opt/airflow/dags/retail_pipeline_dag.py took 0.087 seconds
[2026-01-24T10:13:14.266+0000] {processor.py:157} INFO - Started process (PID=249) to work on /opt/airflow/dags/retail_pipeline_dag.py
[2026-01-24T10:13:14.267+0000] {processor.py:829} INFO - Processing file /opt/airflow/dags/retail_pipeline_dag.py for tasks to queue
[2026-01-24T10:13:14.268+0000] {logging_mixin.py:154} INFO - [2026-01-24T10:13:14.268+0000] {dagbag.py:536} INFO - Filling up the DagBag from /opt/airflow/dags/retail_pipeline_dag.py
[2026-01-24T10:13:14.280+0000] {processor.py:839} INFO - DAG(s) dict_keys(['retail_data_pipeline']) retrieved from /opt/airflow/dags/retail_pipeline_dag.py
[2026-01-24T10:13:14.314+0000] {logging_mixin.py:154} INFO - [2026-01-24T10:13:14.314+0000] {dag.py:2941} INFO - Sync 1 DAGs
[2026-01-24T10:13:14.329+0000] {logging_mixin.py:154} INFO - [2026-01-24T10:13:14.329+0000] {dag.py:3722} INFO - Setting next_dagrun for retail_data_pipeline to None, run_after=None
[2026-01-24T10:13:14.350+0000] {processor.py:179} INFO - Processing /opt/airflow/dags/retail_pipeline_dag.py took 0.089 seconds
[2026-01-24T10:13:44.484+0000] {processor.py:157} INFO - Started process (PID=261) to work on /opt/airflow/dags/retail_pipeline_dag.py
[2026-01-24T10:13:44.486+0000] {processor.py:829} INFO - Processing file /opt/airflow/dags/retail_pipeline_dag.py for tasks to queue
[2026-01-24T10:13:44.487+0000] {logging_mixin.py:154} INFO - [2026-01-24T10:13:44.487+0000] {dagbag.py:536} INFO - Filling up the DagBag from /opt/airflow/dags/retail_pipeline_dag.py
[2026-01-24T10:13:44.499+0000] {processor.py:839} INFO - DAG(s) dict_keys(['retail_data_pipeline']) retrieved from /opt/airflow/dags/retail_pipeline_dag.py
[2026-01-24T10:13:44.532+0000] {logging_mixin.py:154} INFO - [2026-01-24T10:13:44.532+0000] {dag.py:2941} INFO - Sync 1 DAGs
[2026-01-24T10:13:44.546+0000] {logging_mixin.py:154} INFO - [2026-01-24T10:13:44.546+0000] {dag.py:3722} INFO - Setting next_dagrun for retail_data_pipeline to None, run_after=None
[2026-01-24T10:13:44.566+0000] {processor.py:179} INFO - Processing /opt/airflow/dags/retail_pipeline_dag.py took 0.085 seconds
[2026-01-24T10:14:14.643+0000] {processor.py:157} INFO - Started process (PID=266) to work on /opt/airflow/dags/retail_pipeline_dag.py
[2026-01-24T10:14:14.645+0000] {processor.py:829} INFO - Processing file /opt/airflow/dags/retail_pipeline_dag.py for tasks to queue
[2026-01-24T10:14:14.646+0000] {logging_mixin.py:154} INFO - [2026-01-24T10:14:14.646+0000] {dagbag.py:536} INFO - Filling up the DagBag from /opt/airflow/dags/retail_pipeline_dag.py
[2026-01-24T10:14:14.658+0000] {processor.py:839} INFO - DAG(s) dict_keys(['retail_data_pipeline']) retrieved from /opt/airflow/dags/retail_pipeline_dag.py
[2026-01-24T10:14:14.692+0000] {logging_mixin.py:154} INFO - [2026-01-24T10:14:14.692+0000] {dag.py:2941} INFO - Sync 1 DAGs
[2026-01-24T10:14:14.706+0000] {logging_mixin.py:154} INFO - [2026-01-24T10:14:14.706+0000] {dag.py:3722} INFO - Setting next_dagrun for retail_data_pipeline to None, run_after=None
[2026-01-24T10:14:14.728+0000] {processor.py:179} INFO - Processing /opt/airflow/dags/retail_pipeline_dag.py took 0.090 seconds
[2026-01-24T10:14:44.855+0000] {processor.py:157} INFO - Started process (PID=287) to work on /opt/airflow/dags/retail_pipeline_dag.py
[2026-01-24T10:14:44.857+0000] {processor.py:829} INFO - Processing file /opt/airflow/dags/retail_pipeline_dag.py for tasks to queue
[2026-01-24T10:14:44.858+0000] {logging_mixin.py:154} INFO - [2026-01-24T10:14:44.857+0000] {dagbag.py:536} INFO - Filling up the DagBag from /opt/airflow/dags/retail_pipeline_dag.py
[2026-01-24T10:14:44.869+0000] {processor.py:839} INFO - DAG(s) dict_keys(['retail_data_pipeline']) retrieved from /opt/airflow/dags/retail_pipeline_dag.py
[2026-01-24T10:14:44.901+0000] {logging_mixin.py:154} INFO - [2026-01-24T10:14:44.901+0000] {dag.py:2941} INFO - Sync 1 DAGs
[2026-01-24T10:14:44.916+0000] {logging_mixin.py:154} INFO - [2026-01-24T10:14:44.916+0000] {dag.py:3722} INFO - Setting next_dagrun for retail_data_pipeline to None, run_after=None
[2026-01-24T10:14:44.940+0000] {processor.py:179} INFO - Processing /opt/airflow/dags/retail_pipeline_dag.py took 0.088 seconds
[2026-01-24T10:15:15.013+0000] {processor.py:157} INFO - Started process (PID=292) to work on /opt/airflow/dags/retail_pipeline_dag.py
[2026-01-24T10:15:15.015+0000] {processor.py:829} INFO - Processing file /opt/airflow/dags/retail_pipeline_dag.py for tasks to queue
[2026-01-24T10:15:15.016+0000] {logging_mixin.py:154} INFO - [2026-01-24T10:15:15.015+0000] {dagbag.py:536} INFO - Filling up the DagBag from /opt/airflow/dags/retail_pipeline_dag.py
[2026-01-24T10:15:15.028+0000] {processor.py:839} INFO - DAG(s) dict_keys(['retail_data_pipeline']) retrieved from /opt/airflow/dags/retail_pipeline_dag.py
[2026-01-24T10:15:15.063+0000] {logging_mixin.py:154} INFO - [2026-01-24T10:15:15.063+0000] {dag.py:2941} INFO - Sync 1 DAGs
[2026-01-24T10:15:15.080+0000] {logging_mixin.py:154} INFO - [2026-01-24T10:15:15.079+0000] {dag.py:3722} INFO - Setting next_dagrun for retail_data_pipeline to None, run_after=None
[2026-01-24T10:15:15.100+0000] {processor.py:179} INFO - Processing /opt/airflow/dags/retail_pipeline_dag.py took 0.091 seconds
[2026-01-24T10:15:45.244+0000] {processor.py:157} INFO - Started process (PID=297) to work on /opt/airflow/dags/retail_pipeline_dag.py
[2026-01-24T10:15:45.245+0000] {processor.py:829} INFO - Processing file /opt/airflow/dags/retail_pipeline_dag.py for tasks to queue
[2026-01-24T10:15:45.246+0000] {logging_mixin.py:154} INFO - [2026-01-24T10:15:45.246+0000] {dagbag.py:536} INFO - Filling up the DagBag from /opt/airflow/dags/retail_pipeline_dag.py
[2026-01-24T10:15:45.258+0000] {processor.py:839} INFO - DAG(s) dict_keys(['retail_data_pipeline']) retrieved from /opt/airflow/dags/retail_pipeline_dag.py
[2026-01-24T10:15:45.292+0000] {logging_mixin.py:154} INFO - [2026-01-24T10:15:45.292+0000] {dag.py:2941} INFO - Sync 1 DAGs
[2026-01-24T10:15:45.308+0000] {logging_mixin.py:154} INFO - [2026-01-24T10:15:45.308+0000] {dag.py:3722} INFO - Setting next_dagrun for retail_data_pipeline to None, run_after=None
[2026-01-24T10:15:45.329+0000] {processor.py:179} INFO - Processing /opt/airflow/dags/retail_pipeline_dag.py took 0.090 seconds
[2026-01-24T10:16:15.401+0000] {processor.py:157} INFO - Started process (PID=302) to work on /opt/airflow/dags/retail_pipeline_dag.py
[2026-01-24T10:16:15.403+0000] {processor.py:829} INFO - Processing file /opt/airflow/dags/retail_pipeline_dag.py for tasks to queue
[2026-01-24T10:16:15.404+0000] {logging_mixin.py:154} INFO - [2026-01-24T10:16:15.403+0000] {dagbag.py:536} INFO - Filling up the DagBag from /opt/airflow/dags/retail_pipeline_dag.py
[2026-01-24T10:16:15.416+0000] {processor.py:839} INFO - DAG(s) dict_keys(['retail_data_pipeline']) retrieved from /opt/airflow/dags/retail_pipeline_dag.py
[2026-01-24T10:16:15.450+0000] {logging_mixin.py:154} INFO - [2026-01-24T10:16:15.449+0000] {dag.py:2941} INFO - Sync 1 DAGs
[2026-01-24T10:16:15.465+0000] {logging_mixin.py:154} INFO - [2026-01-24T10:16:15.465+0000] {dag.py:3722} INFO - Setting next_dagrun for retail_data_pipeline to None, run_after=None
[2026-01-24T10:16:15.486+0000] {processor.py:179} INFO - Processing /opt/airflow/dags/retail_pipeline_dag.py took 0.089 seconds
[2026-01-24T10:16:45.640+0000] {processor.py:157} INFO - Started process (PID=307) to work on /opt/airflow/dags/retail_pipeline_dag.py
[2026-01-24T10:16:45.642+0000] {processor.py:829} INFO - Processing file /opt/airflow/dags/retail_pipeline_dag.py for tasks to queue
[2026-01-24T10:16:45.642+0000] {logging_mixin.py:154} INFO - [2026-01-24T10:16:45.642+0000] {dagbag.py:536} INFO - Filling up the DagBag from /opt/airflow/dags/retail_pipeline_dag.py
[2026-01-24T10:16:45.655+0000] {processor.py:839} INFO - DAG(s) dict_keys(['retail_data_pipeline']) retrieved from /opt/airflow/dags/retail_pipeline_dag.py
[2026-01-24T10:16:45.687+0000] {logging_mixin.py:154} INFO - [2026-01-24T10:16:45.686+0000] {dag.py:2941} INFO - Sync 1 DAGs
[2026-01-24T10:16:45.703+0000] {logging_mixin.py:154} INFO - [2026-01-24T10:16:45.702+0000] {dag.py:3722} INFO - Setting next_dagrun for retail_data_pipeline to None, run_after=None
[2026-01-24T10:16:45.723+0000] {processor.py:179} INFO - Processing /opt/airflow/dags/retail_pipeline_dag.py took 0.087 seconds
[2026-01-24T10:17:15.803+0000] {processor.py:157} INFO - Started process (PID=312) to work on /opt/airflow/dags/retail_pipeline_dag.py
[2026-01-24T10:17:15.805+0000] {processor.py:829} INFO - Processing file /opt/airflow/dags/retail_pipeline_dag.py for tasks to queue
[2026-01-24T10:17:15.806+0000] {logging_mixin.py:154} INFO - [2026-01-24T10:17:15.805+0000] {dagbag.py:536} INFO - Filling up the DagBag from /opt/airflow/dags/retail_pipeline_dag.py
[2026-01-24T10:17:15.818+0000] {processor.py:839} INFO - DAG(s) dict_keys(['retail_data_pipeline']) retrieved from /opt/airflow/dags/retail_pipeline_dag.py
[2026-01-24T10:17:15.853+0000] {logging_mixin.py:154} INFO - [2026-01-24T10:17:15.853+0000] {dag.py:2941} INFO - Sync 1 DAGs
[2026-01-24T10:17:15.869+0000] {logging_mixin.py:154} INFO - [2026-01-24T10:17:15.869+0000] {dag.py:3722} INFO - Setting next_dagrun for retail_data_pipeline to None, run_after=None
[2026-01-24T10:17:15.890+0000] {processor.py:179} INFO - Processing /opt/airflow/dags/retail_pipeline_dag.py took 0.092 seconds
[2026-01-24T10:17:46.016+0000] {processor.py:157} INFO - Started process (PID=317) to work on /opt/airflow/dags/retail_pipeline_dag.py
[2026-01-24T10:17:46.021+0000] {processor.py:829} INFO - Processing file /opt/airflow/dags/retail_pipeline_dag.py for tasks to queue
[2026-01-24T10:17:46.022+0000] {logging_mixin.py:154} INFO - [2026-01-24T10:17:46.021+0000] {dagbag.py:536} INFO - Filling up the DagBag from /opt/airflow/dags/retail_pipeline_dag.py
[2026-01-24T10:17:46.034+0000] {processor.py:839} INFO - DAG(s) dict_keys(['retail_data_pipeline']) retrieved from /opt/airflow/dags/retail_pipeline_dag.py
[2026-01-24T10:17:46.069+0000] {logging_mixin.py:154} INFO - [2026-01-24T10:17:46.069+0000] {dag.py:2941} INFO - Sync 1 DAGs
[2026-01-24T10:17:46.085+0000] {logging_mixin.py:154} INFO - [2026-01-24T10:17:46.085+0000] {dag.py:3722} INFO - Setting next_dagrun for retail_data_pipeline to None, run_after=None
[2026-01-24T10:17:46.105+0000] {processor.py:179} INFO - Processing /opt/airflow/dags/retail_pipeline_dag.py took 0.094 seconds
[2026-01-24T10:18:16.181+0000] {processor.py:157} INFO - Started process (PID=322) to work on /opt/airflow/dags/retail_pipeline_dag.py
[2026-01-24T10:18:16.183+0000] {processor.py:829} INFO - Processing file /opt/airflow/dags/retail_pipeline_dag.py for tasks to queue
[2026-01-24T10:18:16.184+0000] {logging_mixin.py:154} INFO - [2026-01-24T10:18:16.183+0000] {dagbag.py:536} INFO - Filling up the DagBag from /opt/airflow/dags/retail_pipeline_dag.py
[2026-01-24T10:18:16.196+0000] {processor.py:839} INFO - DAG(s) dict_keys(['retail_data_pipeline']) retrieved from /opt/airflow/dags/retail_pipeline_dag.py
[2026-01-24T10:18:16.229+0000] {logging_mixin.py:154} INFO - [2026-01-24T10:18:16.229+0000] {dag.py:2941} INFO - Sync 1 DAGs
[2026-01-24T10:18:16.246+0000] {logging_mixin.py:154} INFO - [2026-01-24T10:18:16.245+0000] {dag.py:3722} INFO - Setting next_dagrun for retail_data_pipeline to None, run_after=None
[2026-01-24T10:18:16.265+0000] {processor.py:179} INFO - Processing /opt/airflow/dags/retail_pipeline_dag.py took 0.089 seconds
